<?xml version="1.0" encoding="UTF-8"?>
<!-- Generated by org.testng.reporters.JUnitReportReporter -->
<testsuite hostname="Macs-MacBook-Pro.local" failures="0" tests="1" name="com.veeva.testcases.TC005_LoadMore" time="106.833" errors="0" timestamp="2023-09-19T15:31:14 IST" skipped="0">
  <testcase classname="com.veeva.testcases.TC005_LoadMore" name="verifyTeamNames" time="106.833"/>
  <system-out/>
</testsuite> <!-- com.veeva.testcases.TC005_LoadMore -->
