<?xml version="1.0" encoding="UTF-8"?>
<!-- Generated by org.testng.reporters.JUnitReportReporter -->
<testsuite hostname="Macs-MacBook-Pro.local" failures="0" tests="1" name="com.veeva.testcases.TC004_VideoWatch" time="121.589" errors="0" timestamp="2023-09-19T15:25:29 IST" skipped="0">
  <testcase classname="com.veeva.testcases.TC004_VideoWatch" name="verifyTeamNames" time="121.589"/>
  <system-out/>
</testsuite> <!-- com.veeva.testcases.TC004_VideoWatch -->
