<?xml version="1.0" encoding="UTF-8"?>
<!-- Generated by org.testng.reporters.JUnitReportReporter -->
<testsuite hostname="Macs-MacBook-Pro.local" failures="0" tests="1" name="com.veeva.vannilascripts.TC001_TeamNames" time="93.786" errors="0" timestamp="2023-09-19T17:36:26 IST" skipped="0">
  <testcase classname="com.veeva.vannilascripts.TC001_TeamNames" name="verifyTeamNames" time="93.786"/>
  <system-out/>
</testsuite> <!-- com.veeva.vannilascripts.TC001_TeamNames -->
